[12:20:22] [Client thread/INFO]: Setting user: Player312
[12:20:25] [Client thread/INFO]: LWJGL Version: 2.9.4
[12:20:29] [Client thread/INFO]: Reloading ResourceManager: Default, FMLFileResourcePack:Forge Mod Loader, FMLFileResourcePack:Minecraft Forge, FMLFileResourcePack:Deep Craft
[12:20:31] [Sound Library Loader/INFO]: Starting up SoundSystem...
[12:20:31] [Thread-8/INFO]: Initializing LWJGL OpenAL
[12:20:31] [Thread-8/INFO]: (The LWJGL binding of OpenAL.  For more information, see http://www.lwjgl.org)
[12:20:32] [Thread-8/INFO]: OpenAL initialized.
[12:20:32] [Sound Library Loader/INFO]: Sound engine started
[12:20:35] [Client thread/INFO]: Created: 16x16 textures-atlas
[12:20:37] [Client thread/INFO]: Reloading ResourceManager: Default, FMLFileResourcePack:Forge Mod Loader, FMLFileResourcePack:Minecraft Forge, FMLFileResourcePack:Deep Craft
[12:20:39] [Client thread/INFO]: SoundSystem shutting down...
[12:20:39] [Client thread/WARN]: Author: Paul Lamb, www.paulscode.com
[12:20:39] [Sound Library Loader/INFO]: Starting up SoundSystem...
[12:20:39] [Thread-10/INFO]: Initializing LWJGL OpenAL
[12:20:39] [Thread-10/INFO]: (The LWJGL binding of OpenAL.  For more information, see http://www.lwjgl.org)
[12:20:39] [Thread-10/INFO]: OpenAL initialized.
[12:20:40] [Sound Library Loader/INFO]: Sound engine started
[12:20:42] [Client thread/INFO]: Created: 1024x512 textures-atlas
[12:20:44] [Realms Notification Availability checker #1/INFO]: Could not authorize you against Realms server: Invalid session id
[12:21:14] [Server thread/INFO]: Starting integrated minecraft server version 1.10.2
[12:21:14] [Server thread/INFO]: Generating keypair
[12:21:16] [Server thread/INFO]: Preparing start region for level 0
[12:21:17] [Server thread/INFO]: Changing view distance to 12, from 10
[12:21:18] [Server thread/INFO]: Player312[local:E:bcc73b95] logged in with entity id 5 at (-663.5, 4.0, 931.5)
[12:21:18] [Server thread/INFO]: Player312 joined the game
[12:21:20] [Server thread/INFO]: Saving and pausing game...
[12:21:20] [Server thread/INFO]: Saving chunks for level 'New World'/Overworld
[12:21:20] [pool-2-thread-1/WARN]: Couldn't look up profile properties for com.mojang.authlib.GameProfile@59462bc0[id=d566deca-6b21-32cb-af90-4edf09eeac2e,name=Player312,properties={},legacy=false]
com.mojang.authlib.exceptions.AuthenticationException: The client has sent too many requests within a certain amount of time
	at com.mojang.authlib.yggdrasil.YggdrasilAuthenticationService.makeRequest(YggdrasilAuthenticationService.java:65) ~[YggdrasilAuthenticationService.class:?]
	at com.mojang.authlib.yggdrasil.YggdrasilMinecraftSessionService.fillGameProfile(YggdrasilMinecraftSessionService.java:175) [YggdrasilMinecraftSessionService.class:?]
	at com.mojang.authlib.yggdrasil.YggdrasilMinecraftSessionService$1.load(YggdrasilMinecraftSessionService.java:59) [YggdrasilMinecraftSessionService$1.class:?]
	at com.mojang.authlib.yggdrasil.YggdrasilMinecraftSessionService$1.load(YggdrasilMinecraftSessionService.java:56) [YggdrasilMinecraftSessionService$1.class:?]
	at com.google.common.cache.LocalCache$LoadingValueReference.loadFuture(LocalCache.java:3524) [guava-17.0.jar:?]
	at com.google.common.cache.LocalCache$Segment.loadSync(LocalCache.java:2317) [guava-17.0.jar:?]
	at com.google.common.cache.LocalCache$Segment.lockedGetOrLoad(LocalCache.java:2280) [guava-17.0.jar:?]
	at com.google.common.cache.LocalCache$Segment.get(LocalCache.java:2195) [guava-17.0.jar:?]
	at com.google.common.cache.LocalCache.get(LocalCache.java:3934) [guava-17.0.jar:?]
	at com.google.common.cache.LocalCache.getOrLoad(LocalCache.java:3938) [guava-17.0.jar:?]
	at com.google.common.cache.LocalCache$LocalLoadingCache.get(LocalCache.java:4821) [guava-17.0.jar:?]
	at com.google.common.cache.LocalCache$LocalLoadingCache.getUnchecked(LocalCache.java:4827) [guava-17.0.jar:?]
	at com.mojang.authlib.yggdrasil.YggdrasilMinecraftSessionService.fillProfileProperties(YggdrasilMinecraftSessionService.java:165) [YggdrasilMinecraftSessionService.class:?]
	at net.minecraft.client.Minecraft.getProfileProperties(Minecraft.java:3060) [Minecraft.class:?]
	at net.minecraft.client.resources.SkinManager$3.run(SkinManager.java:131) [SkinManager$3.class:?]
	at java.util.concurrent.Executors$RunnableAdapter.call(Executors.java:511) [?:1.8.0_102]
	at java.util.concurrent.FutureTask.run(FutureTask.java:266) [?:1.8.0_102]
	at java.util.concurrent.ThreadPoolExecutor.runWorker(ThreadPoolExecutor.java:1142) [?:1.8.0_102]
	at java.util.concurrent.ThreadPoolExecutor$Worker.run(ThreadPoolExecutor.java:617) [?:1.8.0_102]
	at java.lang.Thread.run(Thread.java:745) [?:1.8.0_102]
[12:21:20] [Server thread/INFO]: Saving chunks for level 'New World'/Nether
[12:21:20] [Server thread/INFO]: Saving chunks for level 'New World'/The End
[12:21:22] [Server thread/INFO]: Player312 has just earned the achievement [Taking Inventory]
[12:21:22] [Client thread/INFO]: [CHAT] Player312 has just earned the achievement [Taking Inventory]
[12:21:28] [Server thread/INFO]: Saving and pausing game...
[12:21:28] [Server thread/INFO]: Saving chunks for level 'New World'/Overworld
[12:21:28] [Server thread/INFO]: Saving chunks for level 'New World'/Nether
[12:21:28] [Server thread/INFO]: Saving chunks for level 'New World'/The End
[12:21:29] [Server thread/INFO]: Stopping server
[12:21:29] [Server thread/INFO]: Saving players
[12:21:29] [Server thread/INFO]: Saving worlds
[12:21:29] [Server thread/INFO]: Saving chunks for level 'New World'/Overworld
[12:21:29] [Server thread/INFO]: Saving chunks for level 'New World'/Nether
[12:21:29] [Server thread/INFO]: Saving chunks for level 'New World'/The End
[12:21:35] [Client thread/INFO]: Stopping!
[12:21:35] [Client thread/INFO]: SoundSystem shutting down...
[12:21:35] [Client thread/WARN]: Author: Paul Lamb, www.paulscode.com
